2025-06-24 11:25:31,907 [INFO] Started logging
2025-06-24 11:25:31,907 [INFO] Starting automation script
2025-06-24 11:25:31,907 [INFO] Loading configuration
2025-06-24 11:25:31,907 [INFO] Loading configuration from config.json
2025-06-24 11:25:31,907 [INFO] Configuration loaded successfully
2025-06-24 11:25:31,907 [INFO] Initializing browser
2025-06-24 11:25:31,907 [INFO] Starting browser initialization.
2025-06-24 11:25:31,907 [INFO] Setting up Firefox profile from: /Users/shivanshsingh/Library/Caches/Firefox/Profiles/c6cw4mw7.Automation
2025-06-24 11:25:31,907 [INFO] Using existing Firefox profile: /Users/shivanshsingh/Library/Caches/Firefox/Profiles/c6cw4mw7.Automation
2025-06-24 11:25:31,907 [INFO] Firefox profile setup completed.
2025-06-24 11:25:31,907 [INFO] Attempting to automatically download/locate Geckodriver...
2025-06-24 11:25:31,907 [INFO] ====== WebDriver manager ======
2025-06-24 11:25:32,259 [INFO] Get LATEST geckodriver version for 139.0 firefox
2025-06-24 11:25:32,432 [INFO] Get LATEST geckodriver version for 139.0 firefox
2025-06-24 11:25:32,546 [INFO] Driver [/Users/shivanshsingh/.wdm/drivers/geckodriver/mac64/v0.36.0/geckodriver] found in cache
2025-06-24 11:25:32,547 [INFO] Geckodriver located at: /Users/shivanshsingh/.wdm/drivers/geckodriver/mac64/v0.36.0/geckodriver
2025-06-24 11:25:32,547 [INFO] Starting Firefox browser.
2025-06-24 11:25:34,235 [INFO] Firefox browser started.
2025-06-24 11:25:34,236 [INFO] Maximizing browser window.
2025-06-24 11:25:34,237 [INFO] Navigating to URL: https://www.mca.gov.in/content/mca/global/en/mca/e-filing/incorporation-change-services/spice.html
2025-06-24 11:25:50,550 [INFO] Page loaded.
2025-06-24 11:25:50,551 [INFO] Checking if login is required.
2025-06-24 11:25:50,555 [INFO] Checking if login is required. Current URL: https://www.mca.gov.in/content/mca/global/en/mca/e-filing/incorporation-change-services/spice.html, Target URL: https://www.mca.gov.in/content/mca/global/en/mca/e-filing/incorporation-change-services/spice.html
2025-06-24 11:25:50,555 [INFO] Already on the target page, login not required.
2025-06-24 11:25:50,555 [INFO] No login required. Already on the target page or logged in.
2025-06-24 11:25:50,555 [INFO] Browser initialization completed.
2025-06-24 11:25:50,555 [INFO] Browser initialized successfully
2025-06-24 11:25:50,555 [INFO] Starting Part A of the form
2025-06-24 11:25:50,555 [INFO] [FORM] Waiting for page to load and okay button to be clickable
2025-06-24 11:25:55,492 [INFO] [FORM] Successfully clicked the okay button in 4.94 seconds
2025-06-24 11:25:55,493 [INFO] [FORM] Waiting for modal backdrop to disappear
2025-06-24 11:25:58,667 [ERROR] [FORM] Error clicking okay button: Message: Browsing context has been discarded
Stacktrace:
RemoteError@chrome://remote/content/shared/RemoteError.sys.mjs:8:8
WebDriverError@chrome://remote/content/shared/webdriver/Errors.sys.mjs:199:5
NoSuchWindowError@chrome://remote/content/shared/webdriver/Errors.sys.mjs:747:5
assert.that/<@chrome://remote/content/shared/webdriver/Assert.sys.mjs:559:13
assert.open@chrome://remote/content/shared/webdriver/Assert.sys.mjs:147:4
GeckoDriver.prototype.findElement@chrome://remote/content/marionette/driver.sys.mjs:1724:15
despatch@chrome://remote/content/marionette/server.sys.mjs:318:40
execute@chrome://remote/content/marionette/server.sys.mjs:289:16
onPacket/<@chrome://remote/content/marionette/server.sys.mjs:262:20
onPacket@chrome://remote/content/marionette/server.sys.mjs:263:9
_onJSONObjectReady/<@chrome://remote/content/marionette/transport.sys.mjs:494:20

2025-06-24 11:25:58,668 [ERROR] Failed to save screenshot: Message: Browsing context has been discarded
Stacktrace:
RemoteError@chrome://remote/content/shared/RemoteError.sys.mjs:8:8
WebDriverError@chrome://remote/content/shared/webdriver/Errors.sys.mjs:199:5
NoSuchWindowError@chrome://remote/content/shared/webdriver/Errors.sys.mjs:747:5
assert.that/<@chrome://remote/content/shared/webdriver/Assert.sys.mjs:559:13
assert.open@chrome://remote/content/shared/webdriver/Assert.sys.mjs:147:4
GeckoDriver.prototype.takeScreenshot@chrome://remote/content/marionette/driver.sys.mjs:2749:15
despatch@chrome://remote/content/marionette/server.sys.mjs:318:40
execute@chrome://remote/content/marionette/server.sys.mjs:289:16
onPacket/<@chrome://remote/content/marionette/server.sys.mjs:262:20
onPacket@chrome://remote/content/marionette/server.sys.mjs:263:9
_onJSONObjectReady/<@chrome://remote/content/marionette/transport.sys.mjs:494:20

2025-06-24 11:25:58,668 [ERROR] Error during automation: Message: Browsing context has been discarded
Stacktrace:
RemoteError@chrome://remote/content/shared/RemoteError.sys.mjs:8:8
WebDriverError@chrome://remote/content/shared/webdriver/Errors.sys.mjs:199:5
NoSuchWindowError@chrome://remote/content/shared/webdriver/Errors.sys.mjs:747:5
assert.that/<@chrome://remote/content/shared/webdriver/Assert.sys.mjs:559:13
assert.open@chrome://remote/content/shared/webdriver/Assert.sys.mjs:147:4
GeckoDriver.prototype.findElement@chrome://remote/content/marionette/driver.sys.mjs:1724:15
despatch@chrome://remote/content/marionette/server.sys.mjs:318:40
execute@chrome://remote/content/marionette/server.sys.mjs:289:16
onPacket/<@chrome://remote/content/marionette/server.sys.mjs:262:20
onPacket@chrome://remote/content/marionette/server.sys.mjs:263:9
_onJSONObjectReady/<@chrome://remote/content/marionette/transport.sys.mjs:494:20

2025-06-24 11:25:58,670 [ERROR] Failed to save screenshot: Message: Browsing context has been discarded
Stacktrace:
RemoteError@chrome://remote/content/shared/RemoteError.sys.mjs:8:8
WebDriverError@chrome://remote/content/shared/webdriver/Errors.sys.mjs:199:5
NoSuchWindowError@chrome://remote/content/shared/webdriver/Errors.sys.mjs:747:5
assert.that/<@chrome://remote/content/shared/webdriver/Assert.sys.mjs:559:13
assert.open@chrome://remote/content/shared/webdriver/Assert.sys.mjs:147:4
GeckoDriver.prototype.takeScreenshot@chrome://remote/content/marionette/driver.sys.mjs:2749:15
despatch@chrome://remote/content/marionette/server.sys.mjs:318:40
execute@chrome://remote/content/marionette/server.sys.mjs:289:16
onPacket/<@chrome://remote/content/marionette/server.sys.mjs:262:20
onPacket@chrome://remote/content/marionette/server.sys.mjs:263:9
_onJSONObjectReady/<@chrome://remote/content/marionette/transport.sys.mjs:494:20

2025-06-24 11:26:14,094 [INFO] Browser closed
