2025-06-24 10:47:36,046 [INFO] Started logging
2025-06-24 10:47:36,046 [INFO] Starting automation script
2025-06-24 10:47:36,046 [INFO] Loading configuration
2025-06-24 10:47:36,046 [INFO] Loading configuration from config.json
2025-06-24 10:47:36,046 [INFO] Configuration loaded successfully
2025-06-24 10:47:36,046 [INFO] Initializing browser
2025-06-24 10:47:36,046 [INFO] Starting browser initialization.
2025-06-24 10:47:36,046 [INFO] Setting up Firefox profile from: /Users/shivanshsingh/Library/Caches/Firefox/Profiles/c6cw4mw7.Automation
2025-06-24 10:47:36,046 [INFO] Using existing Firefox profile: /Users/shivanshsingh/Library/Caches/Firefox/Profiles/c6cw4mw7.Automation
2025-06-24 10:47:36,046 [INFO] Firefox profile setup completed.
2025-06-24 10:47:36,046 [INFO] Attempting to automatically download/locate Geckodriver...
2025-06-24 10:47:36,046 [INFO] ====== WebDriver manager ======
2025-06-24 10:47:36,180 [INFO] Get LATEST geckodriver version for 139.0 firefox
2025-06-24 10:47:37,222 [INFO] Get LATEST geckodriver version for 139.0 firefox
2025-06-24 10:47:37,335 [INFO] Driver [/Users/shivanshsingh/.wdm/drivers/geckodriver/mac64/v0.36.0/geckodriver] found in cache
2025-06-24 10:47:37,336 [INFO] Geckodriver located at: /Users/shivanshsingh/.wdm/drivers/geckodriver/mac64/v0.36.0/geckodriver
2025-06-24 10:47:37,336 [INFO] Starting Firefox browser.
2025-06-24 10:47:38,808 [INFO] Firefox browser started.
2025-06-24 10:47:38,808 [INFO] Maximizing browser window.
2025-06-24 10:47:38,811 [INFO] Navigating to URL: https://www.mca.gov.in/content/mca/global/en/mca/e-filing/incorporation-change-services/spice.html
2025-06-24 10:47:40,384 [INFO] Page loaded.
2025-06-24 10:47:40,384 [INFO] Checking if login is required.
2025-06-24 10:47:40,385 [INFO] Checking if login is required. Current URL: https://www.mca.gov.in/content/mca/global/en/foportal/fologin.html, Target URL: https://www.mca.gov.in/content/mca/global/en/mca/e-filing/incorporation-change-services/spice.html
2025-06-24 10:47:40,386 [INFO] Login page detected, login required.
2025-06-24 10:47:40,386 [INFO] Login is required. Starting login process.
2025-06-24 10:47:40,386 [INFO] Starting MCA login process...
2025-06-24 10:47:40,901 [INFO] Navigated to login page: https://www.mca.gov.in/content/mca/global/en/foportal/fologin.html
2025-06-24 10:47:40,901 [INFO] Waiting for page DOM to be ready...
2025-06-24 10:47:40,911 [INFO] Page DOM is ready.
2025-06-24 10:47:40,912 [INFO] Current URL after initial load: https://www.mca.gov.in/content/mca/global/en/foportal/fologin.html
2025-06-24 10:47:40,912 [INFO] Not on MCA homepage. Proceeding with normal login flow.
2025-06-24 10:47:40,912 [INFO] Attempting to fill login details...
2025-06-24 10:47:40,938 [INFO] Entered Login ID.
2025-06-24 10:47:40,951 [INFO] Entered Password.
2025-06-24 10:47:40,951 [INFO] Handling CAPTCHA on page using selenium_utils...
2025-06-24 10:47:40,951 [INFO] CAPTCHA attempt 1 of 3
2025-06-24 10:47:40,951 [INFO] Attempting to solve CAPTCHA via API...
2025-06-24 10:47:42,622 [INFO] CAPTCHA API returned: Blanco
2025-06-24 10:47:43,425 [INFO] Clicked submit after entering CAPTCHA.
2025-06-24 10:47:43,425 [INFO] Waiting for page DOM to be ready...
2025-06-24 10:47:43,430 [INFO] Page DOM is ready.
2025-06-24 10:47:43,440 [INFO] CAPTCHA submitted, no immediate 'incorrect captcha' error found.
2025-06-24 10:47:43,440 [INFO] CAPTCHA handling reported success or moved past.
2025-06-24 10:47:43,440 [INFO] Waiting for page DOM to be ready...
2025-06-24 10:47:43,442 [INFO] Page DOM is ready.
2025-06-24 10:47:43,442 [INFO] Checking login success (URL only)...
2025-06-24 10:47:47,501 [ERROR] Exception during URL check for login success: Message: Browsing context has been discarded
Stacktrace:
RemoteError@chrome://remote/content/shared/RemoteError.sys.mjs:8:8
WebDriverError@chrome://remote/content/shared/webdriver/Errors.sys.mjs:199:5
NoSuchWindowError@chrome://remote/content/shared/webdriver/Errors.sys.mjs:747:5
assert.that/<@chrome://remote/content/shared/webdriver/Assert.sys.mjs:559:13
assert.open@chrome://remote/content/shared/webdriver/Assert.sys.mjs:147:4
GeckoDriver.prototype.getCurrentUrl@chrome://remote/content/marionette/driver.sys.mjs:1100:15
despatch@chrome://remote/content/marionette/server.sys.mjs:318:40
execute@chrome://remote/content/marionette/server.sys.mjs:289:16
onPacket/<@chrome://remote/content/marionette/server.sys.mjs:262:20
onPacket@chrome://remote/content/marionette/server.sys.mjs:263:9
_onJSONObjectReady/<@chrome://remote/content/marionette/transport.sys.mjs:494:20

2025-06-24 10:47:47,502 [ERROR] Failed to save screenshot: Message: Browsing context has been discarded
Stacktrace:
RemoteError@chrome://remote/content/shared/RemoteError.sys.mjs:8:8
WebDriverError@chrome://remote/content/shared/webdriver/Errors.sys.mjs:199:5
NoSuchWindowError@chrome://remote/content/shared/webdriver/Errors.sys.mjs:747:5
assert.that/<@chrome://remote/content/shared/webdriver/Assert.sys.mjs:559:13
assert.open@chrome://remote/content/shared/webdriver/Assert.sys.mjs:147:4
GeckoDriver.prototype.takeScreenshot@chrome://remote/content/marionette/driver.sys.mjs:2749:15
despatch@chrome://remote/content/marionette/server.sys.mjs:318:40
execute@chrome://remote/content/marionette/server.sys.mjs:289:16
onPacket/<@chrome://remote/content/marionette/server.sys.mjs:262:20
onPacket@chrome://remote/content/marionette/server.sys.mjs:263:9
_onJSONObjectReady/<@chrome://remote/content/marionette/transport.sys.mjs:494:20

2025-06-24 10:47:47,502 [ERROR] MCA Login Failed based on URL check after form submission.
2025-06-24 10:47:47,502 [ERROR] An unexpected error occurred in the login process: Message: Browsing context has been discarded
Stacktrace:
RemoteError@chrome://remote/content/shared/RemoteError.sys.mjs:8:8
WebDriverError@chrome://remote/content/shared/webdriver/Errors.sys.mjs:199:5
NoSuchWindowError@chrome://remote/content/shared/webdriver/Errors.sys.mjs:747:5
assert.that/<@chrome://remote/content/shared/webdriver/Assert.sys.mjs:559:13
assert.open@chrome://remote/content/shared/webdriver/Assert.sys.mjs:147:4
GeckoDriver.prototype.getCurrentUrl@chrome://remote/content/marionette/driver.sys.mjs:1100:15
despatch@chrome://remote/content/marionette/server.sys.mjs:318:40
execute@chrome://remote/content/marionette/server.sys.mjs:289:16
onPacket/<@chrome://remote/content/marionette/server.sys.mjs:262:20
onPacket@chrome://remote/content/marionette/server.sys.mjs:263:9
_onJSONObjectReady/<@chrome://remote/content/marionette/transport.sys.mjs:494:20

2025-06-24 10:47:47,503 [ERROR] Failed to save screenshot: Message: Browsing context has been discarded
Stacktrace:
RemoteError@chrome://remote/content/shared/RemoteError.sys.mjs:8:8
WebDriverError@chrome://remote/content/shared/webdriver/Errors.sys.mjs:199:5
NoSuchWindowError@chrome://remote/content/shared/webdriver/Errors.sys.mjs:747:5
assert.that/<@chrome://remote/content/shared/webdriver/Assert.sys.mjs:559:13
assert.open@chrome://remote/content/shared/webdriver/Assert.sys.mjs:147:4
GeckoDriver.prototype.takeScreenshot@chrome://remote/content/marionette/driver.sys.mjs:2749:15
despatch@chrome://remote/content/marionette/server.sys.mjs:318:40
execute@chrome://remote/content/marionette/server.sys.mjs:289:16
onPacket/<@chrome://remote/content/marionette/server.sys.mjs:262:20
onPacket@chrome://remote/content/marionette/server.sys.mjs:263:9
_onJSONObjectReady/<@chrome://remote/content/marionette/transport.sys.mjs:494:20

2025-06-24 10:47:47,503 [INFO] Browser will remain open as per request (if not explicitly closed by calling function).
2025-06-24 10:47:47,503 [ERROR] Login failed.
2025-06-24 10:47:47,503 [ERROR] Error during browser initialization: Failed to login to the portal.
2025-06-24 10:47:47,672 [INFO] Browser closed due to initialization error.
2025-06-24 10:47:47,672 [ERROR] Error during automation: Failed to login to the portal.
