2025-06-30 15:12:28,044 [INFO] Started logging
2025-06-30 15:12:28,044 [INFO] Starting automation script
2025-06-30 15:12:28,044 [INFO] Loading configuration
2025-06-30 15:12:28,044 [INFO] Loading configuration from config.json
2025-06-30 15:12:28,044 [INFO] Configuration loaded successfully
2025-06-30 15:12:28,044 [INFO] Initializing browser
2025-06-30 15:12:28,044 [INFO] Starting browser initialization.
2025-06-30 15:12:28,044 [INFO] Setting up Firefox profile from: /Users/shivanshsingh/Library/Caches/Firefox/Profiles/c6cw4mw7.Automation
2025-06-30 15:12:28,044 [INFO] Using existing Firefox profile: /Users/shivanshsingh/Library/Caches/Firefox/Profiles/c6cw4mw7.Automation
2025-06-30 15:12:28,044 [INFO] Firefox profile setup completed.
2025-06-30 15:12:28,044 [INFO] Attempting to automatically download/locate Geckodriver...
2025-06-30 15:12:28,044 [INFO] ====== WebDriver manager ======
2025-06-30 15:12:28,170 [INFO] Get LATEST geckodriver version for 139.0 firefox
2025-06-30 15:12:28,553 [INFO] Get LATEST geckodriver version for 139.0 firefox
2025-06-30 15:12:28,681 [INFO] Driver [/Users/shivanshsingh/.wdm/drivers/geckodriver/mac64/v0.36.0/geckodriver] found in cache
2025-06-30 15:12:28,682 [INFO] Geckodriver located at: /Users/shivanshsingh/.wdm/drivers/geckodriver/mac64/v0.36.0/geckodriver
2025-06-30 15:12:28,682 [INFO] Starting Firefox browser.
2025-06-30 15:12:29,921 [INFO] Firefox browser started.
2025-06-30 15:12:29,921 [INFO] Maximizing browser window.
2025-06-30 15:12:29,926 [INFO] Navigating to URL: https://www.mca.gov.in/content/mca/global/en/mca/e-filing/incorporation-change-services/spice.html
2025-06-30 15:12:31,506 [INFO] Page loaded.
2025-06-30 15:12:31,506 [INFO] Checking if login is required.
2025-06-30 15:12:31,509 [INFO] Checking if login is required. Current URL: https://www.mca.gov.in/content/mca/global/en/foportal/fologin.html, Target URL: https://www.mca.gov.in/content/mca/global/en/mca/e-filing/incorporation-change-services/spice.html
2025-06-30 15:12:31,509 [INFO] Login page detected, login required.
2025-06-30 15:12:31,509 [INFO] Login is required. Starting login process.
2025-06-30 15:12:31,509 [INFO] Starting MCA login process...
2025-06-30 15:12:35,900 [INFO] Navigated to login page: https://www.mca.gov.in/content/mca/global/en/foportal/fologin.html
2025-06-30 15:12:35,900 [INFO] Waiting for page DOM to be ready...
2025-06-30 15:12:35,916 [INFO] Page DOM is ready.
2025-06-30 15:12:35,917 [INFO] Current URL after initial load: https://www.mca.gov.in/content/mca/global/en/foportal/fologin.html
2025-06-30 15:12:35,918 [INFO] Not on MCA homepage. Proceeding with normal login flow.
2025-06-30 15:12:35,918 [INFO] Attempting to fill login details...
2025-06-30 15:12:35,918 [INFO] Retrieved username from config: 'shagun@registerkaro.in' (length: 22)
2025-06-30 15:12:35,918 [INFO] Retrieved password from config: *************** (length: 15)
2025-06-30 15:12:35,918 [INFO] _send_text called with locator: ('id', 'guideContainer-rootPanel-panel_1846244155-guidetextbox___widget'), keys length: 22
2025-06-30 15:12:37,183 [INFO] Sent keys to element ('id', 'guideContainer-rootPanel-panel_1846244155-guidetextbox___widget') (length: 22)
2025-06-30 15:12:37,188 [INFO] Verification: Element value after send_keys: '' (expected length: 22)
2025-06-30 15:12:37,188 [WARNING] Text verification failed. Expected: 'shagun@registerkaro.in', Got: ''. Trying JavaScript approach.
2025-06-30 15:12:37,198 [INFO] After JavaScript: Element value is now: 'shagun@registerkaro.in'
2025-06-30 15:12:37,198 [INFO] Entered Login ID.
2025-06-30 15:12:37,198 [INFO] _send_text called with locator: ('id', 'guideContainer-rootPanel-panel_1846244155-guidepasswordbox___widget'), keys length: 15
2025-06-30 15:12:38,448 [INFO] Sent keys to element ('id', 'guideContainer-rootPanel-panel_1846244155-guidepasswordbox___widget') (length: 15)
2025-06-30 15:12:38,453 [INFO] Verification: Element value after send_keys: '' (expected length: 15)
2025-06-30 15:12:38,453 [WARNING] Text verification failed. Expected: 'Adrakkichai@123', Got: ''. Trying JavaScript approach.
2025-06-30 15:12:38,464 [INFO] After JavaScript: Element value is now: 'Adrakkichai@123'
2025-06-30 15:12:38,464 [INFO] Entered Password.
2025-06-30 15:12:38,464 [INFO] Handling CAPTCHA on page using selenium_utils...
2025-06-30 15:12:38,464 [INFO] CAPTCHA attempt 1 of 3
2025-06-30 15:12:38,464 [INFO] Attempting to solve CAPTCHA via API...
2025-06-30 15:12:39,792 [INFO] CAPTCHA API returned: Blanco
2025-06-30 15:12:39,793 [INFO] _send_text called with locator: ('id', 'customCaptchaInput'), keys length: 6
2025-06-30 15:12:41,048 [INFO] Sent keys to element ('id', 'customCaptchaInput') (length: 6)
2025-06-30 15:12:41,053 [INFO] Verification: Element value after send_keys: '' (expected length: 6)
2025-06-30 15:12:41,053 [WARNING] Text verification failed. Expected: 'Blanco', Got: ''. Trying JavaScript approach.
2025-06-30 15:12:41,065 [INFO] After JavaScript: Element value is now: 'Blanco'
2025-06-30 15:12:42,304 [INFO] Clicked submit after entering CAPTCHA.
2025-06-30 15:12:42,305 [INFO] Waiting for page DOM to be ready...
2025-06-30 15:12:42,309 [INFO] Page DOM is ready.
2025-06-30 15:12:42,320 [INFO] CAPTCHA submitted, no immediate 'incorrect captcha' error found.
2025-06-30 15:12:42,320 [INFO] CAPTCHA handling reported success or moved past.
2025-06-30 15:12:42,320 [INFO] Waiting for page DOM to be ready...
2025-06-30 15:12:42,322 [INFO] Page DOM is ready.
2025-06-30 15:12:42,323 [INFO] Checking login success (URL only)...
2025-06-30 15:12:57,553 [ERROR] Login verification failed: Timed out waiting for URL to contain https://www.mca.gov.in/content/mca/global/en/application-history.html. Current URL: https://www.mca.gov.in/content/mca/global/en/foportal/fologin.html
2025-06-30 15:12:57,716 [ERROR] Saved error screenshot to: Error Screenshots/error_login_url_timeout_20250630-151257.png
2025-06-30 15:12:57,716 [ERROR] MCA Login Failed based on URL check after form submission.
2025-06-30 15:12:57,717 [INFO] Current page URL: https://www.mca.gov.in/content/mca/global/en/foportal/fologin.html
2025-06-30 15:12:57,717 [INFO] Current page title: FO Login
2025-06-30 15:12:57,717 [INFO] Script has finished its tasks.
2025-06-30 15:12:57,717 [INFO] Browser will remain open as per request (if not explicitly closed by calling function).
2025-06-30 15:12:57,717 [ERROR] Login failed.
2025-06-30 15:12:57,717 [ERROR] Error during browser initialization: Failed to login to the portal.
2025-06-30 15:12:57,874 [INFO] Browser closed due to initialization error.
2025-06-30 15:12:57,874 [ERROR] Error during automation: Failed to login to the portal.
