2025-06-23 19:09:28,792 [INFO] Started logging
2025-06-23 19:09:28,792 [INFO] Starting automation script
2025-06-23 19:09:28,792 [INFO] Loading configuration
2025-06-23 19:09:28,792 [INFO] Loading configuration from config.json
2025-06-23 19:09:28,792 [INFO] Configuration loaded successfully
2025-06-23 19:09:28,792 [INFO] Initializing browser
2025-06-23 19:09:28,792 [INFO] Starting browser initialization.
2025-06-23 19:09:28,792 [INFO] Setting up Firefox profile from: /Users/shivanshsingh/Library/Caches/Firefox/Profiles/c6cw4mw7.Automation
2025-06-23 19:09:28,792 [INFO] Using existing Firefox profile: /Users/shivanshsingh/Library/Caches/Firefox/Profiles/c6cw4mw7.Automation
2025-06-23 19:09:28,792 [INFO] Firefox profile setup completed.
2025-06-23 19:09:28,792 [INFO] Attempting to automatically download/locate Geckodriver...
2025-06-23 19:09:28,792 [INFO] ====== WebDriver manager ======
2025-06-23 19:09:28,949 [INFO] Get LATEST geckodriver version for 139.0 firefox
2025-06-23 19:09:29,730 [INFO] Get LATEST geckodriver version for 139.0 firefox
2025-06-23 19:09:29,855 [INFO] Driver [/Users/shivanshsingh/.wdm/drivers/geckodriver/mac64/v0.36.0/geckodriver] found in cache
2025-06-23 19:09:29,856 [INFO] Geckodriver located at: /Users/shivanshsingh/.wdm/drivers/geckodriver/mac64/v0.36.0/geckodriver
2025-06-23 19:09:29,856 [INFO] Starting Firefox browser.
2025-06-23 19:09:31,167 [INFO] Firefox browser started.
2025-06-23 19:09:31,167 [INFO] Maximizing browser window.
2025-06-23 19:09:31,170 [INFO] Navigating to URL: https://www.mca.gov.in/content/mca/global/en/mca/e-filing/incorporation-change-services/spice.html
2025-06-23 19:09:39,036 [INFO] Page loaded.
2025-06-23 19:09:39,037 [INFO] Checking if login is required.
2025-06-23 19:09:39,075 [INFO] Checking if login is required. Current URL: https://www.mca.gov.in/content/mca/global/en/mca/e-filing/incorporation-change-services/spice.html, Target URL: https://www.mca.gov.in/content/mca/global/en/mca/e-filing/incorporation-change-services/spice.html
2025-06-23 19:09:39,075 [INFO] Already on the target page, login not required.
2025-06-23 19:09:39,075 [INFO] No login required. Already on the target page or logged in.
2025-06-23 19:09:39,075 [INFO] Browser initialization completed.
2025-06-23 19:09:39,075 [INFO] Browser initialized successfully
2025-06-23 19:09:39,075 [INFO] Starting Part A of the form
2025-06-23 19:09:39,075 [INFO] [FORM] Waiting for page to load and okay button to be clickable
2025-06-23 19:09:40,363 [INFO] [FORM] Successfully clicked the okay button in 1.29 seconds
2025-06-23 19:09:40,363 [INFO] [FORM] Waiting for modal backdrop to disappear
2025-06-23 19:09:40,363 [ERROR] [FORM] Error clicking okay button: name 'WebDriverWait' is not defined
2025-06-23 19:09:40,470 [ERROR] Saved error screenshot to: Error Screenshots/error_click_okay_button_failure_20250623-190940.png
2025-06-23 19:09:40,471 [ERROR] Error during automation: name 'WebDriverWait' is not defined
2025-06-23 19:09:40,537 [ERROR] Saved error screenshot to: Error Screenshots/error_automation_script_failure_20250623-190940.png
2025-06-23 19:12:30,798 [INFO] Browser closed
