2025-06-30 15:26:23,146 [INFO] Started logging
2025-06-30 15:26:23,146 [INFO] Starting automation script
2025-06-30 15:26:23,146 [INFO] Loading configuration
2025-06-30 15:26:23,146 [INFO] Loading configuration from config.json
2025-06-30 15:26:23,146 [INFO] Configuration loaded successfully
2025-06-30 15:26:23,146 [INFO] Initializing browser
2025-06-30 15:26:23,146 [INFO] Starting browser initialization.
2025-06-30 15:26:23,146 [INFO] Setting up Firefox profile from: /Users/shivanshsingh/Library/Caches/Firefox/Profiles/c6cw4mw7.Automation
2025-06-30 15:26:23,147 [INFO] Using existing Firefox profile: /Users/shivanshsingh/Library/Caches/Firefox/Profiles/c6cw4mw7.Automation
2025-06-30 15:26:23,147 [INFO] Firefox profile setup completed.
2025-06-30 15:26:23,147 [INFO] Attempting to automatically download/locate Geckodriver...
2025-06-30 15:26:23,147 [INFO] ====== WebDriver manager ======
2025-06-30 15:26:23,529 [INFO] Get LATEST geckodriver version for 139.0 firefox
2025-06-30 15:26:23,921 [INFO] Get LATEST geckodriver version for 139.0 firefox
2025-06-30 15:26:24,051 [INFO] Driver [/Users/shivanshsingh/.wdm/drivers/geckodriver/mac64/v0.36.0/geckodriver] found in cache
2025-06-30 15:26:24,051 [INFO] Geckodriver located at: /Users/shivanshsingh/.wdm/drivers/geckodriver/mac64/v0.36.0/geckodriver
2025-06-30 15:26:24,052 [INFO] Starting Firefox browser.
2025-06-30 15:26:26,002 [INFO] Firefox browser started.
2025-06-30 15:26:26,002 [INFO] Maximizing browser window.
2025-06-30 15:26:26,004 [INFO] Navigating to URL: https://www.mca.gov.in/content/mca/global/en/mca/e-filing/incorporation-change-services/spice.html
2025-06-30 15:26:28,086 [INFO] Page loaded.
2025-06-30 15:26:28,086 [INFO] Checking if login is required.
2025-06-30 15:26:28,089 [ERROR] Error during browser initialization: Message: Browsing context has been discarded
Stacktrace:
RemoteError@chrome://remote/content/shared/RemoteError.sys.mjs:8:8
WebDriverError@chrome://remote/content/shared/webdriver/Errors.sys.mjs:199:5
NoSuchWindowError@chrome://remote/content/shared/webdriver/Errors.sys.mjs:747:5
assert.that/<@chrome://remote/content/shared/webdriver/Assert.sys.mjs:559:13
assert.open@chrome://remote/content/shared/webdriver/Assert.sys.mjs:147:4
GeckoDriver.prototype.getCurrentUrl@chrome://remote/content/marionette/driver.sys.mjs:1100:15
despatch@chrome://remote/content/marionette/server.sys.mjs:318:40
execute@chrome://remote/content/marionette/server.sys.mjs:289:16
onPacket/<@chrome://remote/content/marionette/server.sys.mjs:262:20
onPacket@chrome://remote/content/marionette/server.sys.mjs:263:9
_onJSONObjectReady/<@chrome://remote/content/marionette/transport.sys.mjs:494:20

2025-06-30 15:26:28,469 [INFO] Browser closed due to initialization error.
2025-06-30 15:26:28,470 [ERROR] Error during automation: Message: Browsing context has been discarded
Stacktrace:
RemoteError@chrome://remote/content/shared/RemoteError.sys.mjs:8:8
WebDriverError@chrome://remote/content/shared/webdriver/Errors.sys.mjs:199:5
NoSuchWindowError@chrome://remote/content/shared/webdriver/Errors.sys.mjs:747:5
assert.that/<@chrome://remote/content/shared/webdriver/Assert.sys.mjs:559:13
assert.open@chrome://remote/content/shared/webdriver/Assert.sys.mjs:147:4
GeckoDriver.prototype.getCurrentUrl@chrome://remote/content/marionette/driver.sys.mjs:1100:15
despatch@chrome://remote/content/marionette/server.sys.mjs:318:40
execute@chrome://remote/content/marionette/server.sys.mjs:289:16
onPacket/<@chrome://remote/content/marionette/server.sys.mjs:262:20
onPacket@chrome://remote/content/marionette/server.sys.mjs:263:9
_onJSONObjectReady/<@chrome://remote/content/marionette/transport.sys.mjs:494:20

