2025-06-30 16:51:53,407 [INFO] Started logging
2025-06-30 16:51:53,407 [INFO] Starting automation script
2025-06-30 16:51:53,407 [INFO] Loading configuration
2025-06-30 16:51:53,407 [INFO] Loading configuration from config.json
2025-06-30 16:51:53,408 [INFO] Configuration loaded successfully
2025-06-30 16:51:53,408 [INFO] Initializing browser
2025-06-30 16:51:53,408 [INFO] Starting browser initialization.
2025-06-30 16:51:53,408 [INFO] Setting up Firefox profile from: /Users/shivanshsingh/Library/Caches/Firefox/Profiles/c6cw4mw7.Automation
2025-06-30 16:51:53,408 [WARNING] Firefox profile path not found: /Users/shivanshsingh/Library/Caches/Firefox/Profiles/c6cw4mw7.Automation. Using a new temporary profile.
2025-06-30 16:51:53,408 [INFO] Firefox profile setup completed.
2025-06-30 16:51:53,408 [INFO] Attempting to automatically download/locate Geckodriver...
2025-06-30 16:51:53,408 [INFO] ====== WebDriver manager ======
2025-06-30 16:51:54,422 [INFO] Get LATEST geckodriver version for 139.0 firefox
2025-06-30 16:51:55,431 [INFO] Get LATEST geckodriver version for 139.0 firefox
2025-06-30 16:51:55,595 [INFO] Get LATEST geckodriver version for 139.0 firefox
2025-06-30 16:51:55,744 [INFO] Getting latest mozilla release info for v0.36.0
2025-06-30 16:51:56,132 [INFO] About to download new driver from https://github.com/mozilla/geckodriver/releases/download/v0.36.0/geckodriver-v0.36.0-macos-aarch64.tar.gz
2025-06-30 16:51:58,075 [INFO] Driver downloading response is 200
2025-06-30 16:51:58,327 [INFO] Get LATEST geckodriver version for 139.0 firefox
2025-06-30 16:51:58,513 [INFO] Driver has been saved in cache [/Users/mipl/.wdm/drivers/geckodriver/mac64/v0.36.0]
2025-06-30 16:51:58,516 [INFO] Geckodriver located at: /Users/mipl/.wdm/drivers/geckodriver/mac64/v0.36.0/geckodriver
2025-06-30 16:51:58,516 [INFO] Starting Firefox browser.
2025-06-30 16:51:59,809 [ERROR] Error during browser initialization: Message: Process unexpectedly closed with status 0

2025-06-30 16:51:59,809 [ERROR] Error during automation: Message: Process unexpectedly closed with status 0

