2025-06-24 10:38:10,176 [INFO] Started logging
2025-06-24 10:38:10,176 [INFO] Starting automation script
2025-06-24 10:38:10,176 [INFO] Loading configuration
2025-06-24 10:38:10,176 [INFO] Loading configuration from config.json
2025-06-24 10:38:10,176 [INFO] Configuration loaded successfully
2025-06-24 10:38:10,176 [INFO] Initializing browser
2025-06-24 10:38:10,176 [INFO] Starting browser initialization.
2025-06-24 10:38:10,176 [INFO] Setting up Firefox profile from: /Users/shivanshsingh/Library/Caches/Firefox/Profiles/c6cw4mw7.Automation
2025-06-24 10:38:10,176 [INFO] Using existing Firefox profile: /Users/shivanshsingh/Library/Caches/Firefox/Profiles/c6cw4mw7.Automation
2025-06-24 10:38:10,176 [INFO] Firefox profile setup completed.
2025-06-24 10:38:10,176 [INFO] Attempting to automatically download/locate Geckodriver...
2025-06-24 10:38:10,176 [INFO] ====== WebDriver manager ======
2025-06-24 10:38:10,483 [INFO] Get LATEST geckodriver version for 139.0 firefox
2025-06-24 10:38:11,049 [INFO] Get LATEST geckodriver version for 139.0 firefox
2025-06-24 10:38:11,169 [INFO] Driver [/Users/shivanshsingh/.wdm/drivers/geckodriver/mac64/v0.36.0/geckodriver] found in cache
2025-06-24 10:38:11,169 [INFO] Geckodriver located at: /Users/shivanshsingh/.wdm/drivers/geckodriver/mac64/v0.36.0/geckodriver
2025-06-24 10:38:11,169 [INFO] Starting Firefox browser.
2025-06-24 10:38:12,497 [INFO] Firefox browser started.
2025-06-24 10:38:12,497 [INFO] Maximizing browser window.
2025-06-24 10:38:12,502 [INFO] Navigating to URL: https://www.mca.gov.in/content/mca/global/en/mca/e-filing/incorporation-change-services/spice.html
2025-06-24 10:38:13,760 [INFO] Page loaded.
2025-06-24 10:38:13,761 [INFO] Checking if login is required.
2025-06-24 10:38:13,763 [INFO] Checking if login is required. Current URL: https://www.mca.gov.in/content/mca/global/en/foportal/fologin.html, Target URL: https://www.mca.gov.in/content/mca/global/en/mca/e-filing/incorporation-change-services/spice.html
2025-06-24 10:38:13,763 [INFO] Login page detected, login required.
2025-06-24 10:38:13,763 [INFO] Login is required. Starting login process.
2025-06-24 10:38:13,763 [INFO] Starting MCA login process...
2025-06-24 10:38:14,203 [INFO] Navigated to login page: https://www.mca.gov.in/content/mca/global/en/foportal/fologin.html
2025-06-24 10:38:14,203 [INFO] Waiting for page DOM to be ready...
2025-06-24 10:38:14,209 [INFO] Page DOM is ready.
2025-06-24 10:38:14,210 [INFO] Current URL after initial load: https://www.mca.gov.in/content/mca/global/en/foportal/fologin.html
2025-06-24 10:38:14,210 [INFO] Not on MCA homepage. Proceeding with normal login flow.
2025-06-24 10:38:14,210 [INFO] Attempting to fill login details...
2025-06-24 10:38:29,571 [ERROR] Element ('id', ('id', 'guideContainer-rootPanel-panel_1846244155-guidetextbox___widget')) did not become clickable within 15s.
2025-06-24 10:38:29,702 [ERROR] Saved error screenshot to: Error Screenshots/error_element_not_clickable_('id', 'guideContainer-rootPanel-panel_1846244155-guidetextbox___widget')_20250624-103829.png
2025-06-24 10:38:29,702 [ERROR] Error sending text to ('id', ('id', 'guideContainer-rootPanel-panel_1846244155-guidetextbox___widget')) on attempt 1: Message: 
Stacktrace:
RemoteError@chrome://remote/content/shared/RemoteError.sys.mjs:8:8
WebDriverError@chrome://remote/content/shared/webdriver/Errors.sys.mjs:199:5
NoSuchElementError@chrome://remote/content/shared/webdriver/Errors.sys.mjs:552:5
dom.find/</<@chrome://remote/content/shared/DOM.sys.mjs:136:16

2025-06-24 10:38:29,794 [ERROR] Saved error screenshot to: Error Screenshots/error_send_text_error_('id', 'guideContainer-rootPanel-panel_1846244155-guidetextbox___widget')_attempt_1_20250624-103829.png
2025-06-24 10:38:29,794 [ERROR] An unexpected error occurred in the login process: Message: Failed to send text to ('id', ('id', 'guideContainer-rootPanel-panel_1846244155-guidetextbox___widget')) after 3 retries.

2025-06-24 10:38:29,888 [ERROR] Saved error screenshot to: Error Screenshots/error_unexpected_login_error_20250624-103829.png
2025-06-24 10:38:29,888 [INFO] Browser will remain open as per request (if not explicitly closed by calling function).
2025-06-24 10:38:29,888 [ERROR] Login failed.
2025-06-24 10:38:29,888 [ERROR] Error during browser initialization: Failed to login to the portal.
2025-06-24 10:38:30,066 [INFO] Browser closed due to initialization error.
2025-06-24 10:38:30,066 [ERROR] Error during automation: Failed to login to the portal.
